<?xml version="1.0" encoding="UTF-8"?>
<!-- Generated by org.testng.reporters.JUnitXMLReporter -->
<testsuite hostname="DESKTOP-SVFVSLA" ignored="0" name="Regression" tests="6" failures="0" timestamp="14 May 2021 18:28:29 GMT" time="0.146" errors="0">
  <testcase name="m2" time="0.023" classname="testng.TestNG"/>
  <testcase name="m3" time="0.002" classname="testng.TestNG"/>
  <testcase name="m1" time="0.003" classname="testng.TestNG"/>
  <testcase name="m5" time="0.005" classname="testng.TestNG1"/>
  <testcase name="m4" time="0.007" classname="testng.TestNG1"/>
  <testcase name="m6" time="0.01" classname="testng.TestNG1"/>
</testsuite> <!-- Regression -->
